<?xml version="1.0" encoding="UTF-8"?>
<testng-results ignored="0" total="1" passed="1" failed="0" skipped="0">
  <reporter-output>
  </reporter-output>
  <suite started-at="2022-04-14T16:15:20 IST" name="Default suite" finished-at="2022-04-14T16:15:38 IST" duration-ms="17586">
    <groups>
    </groups>
    <test started-at="2022-04-14T16:15:20 IST" name="Default test" finished-at="2022-04-14T16:15:38 IST" duration-ms="17586">
      <class name="com.Testcases.Assignment15">
        <test-method signature="Tc0001()[pri:0, instance:com.Testcases.Assignment15@6bd61f98]" started-at="2022-04-14T16:15:20 IST" name="Tc0001" finished-at="2022-04-14T16:15:38 IST" duration-ms="17500" status="PASS">
          <reporter-output>
          </reporter-output>
        </test-method> <!-- Tc0001 -->
      </class> <!-- com.Testcases.Assignment15 -->
    </test> <!-- Default test -->
  </suite> <!-- Default suite -->
</testng-results>
